(asctime)s - 

(asctime)s - ====== WebDriver manager ======
(asctime)s - Current google-chrome version is 98.0.4758
(asctime)s - Get LATEST chromedriver version for 98.0.4758 google-chrome
(asctime)s - Driver [C:\Users\Manesh\.wdm\drivers\chromedriver\win32\98.0.4758.80\chromedriver.exe] found in cache
(asctime)s - Driver initialized
(asctime)s - Browser Launched
(asctime)s - Browser Maximized
e-chrome
Get LATEST chromedriver version for 98.0.4758 google-chrome
Driver [C:\Users\Manesh\.wdm\drivers\chromedriver\win32\98.0.4758.80\chromedriver.exe] found in cache
Driver [C:\Users\Manesh\.wdm\drivers\chromedriver\win32\98.0.4758.80\chromedriver.exe] found in cache
Driver [C:\Users\Manesh\.wdm\drivers\chromedriver\win32\98.0.4758.80\chromedriver.exe] found in cache
Driver initialized
Driver initialized
Driver initialized
Browser Launched
Browser Launched
Browser Launched
Browser Maximized
Browser Maximized
Browser Maximized
